<?xml version="1.0" encoding="ISO-8859-1"?>
<project name="JunitReport" basedir="." default="junitreport">
	<target name="junitreport" description="Create a report for the rest result">
		<junitreport todir="${cloudtest.report.html}">
			<fileset dir="${cloudtest.report.xml}">
				<include name="*.xml" />
			</fileset>
			<report format="frames" todir="${cloudtest.report.html}" />
		</junitreport>
	</target>
</project>
